<?xml version="1.0" encoding="UTF-8"?>
<!-- Generated by org.testng.reporters.JUnitReportReporter -->
<testsuite hostname="LIN65000528" name="com.liberate.tests.testCreateLinePlant" tests="1" failures="0" timestamp="11 Oct 2019 07:17:44 GMT" time="26.712" errors="0">
  <testcase name="testCreateLinePlants" time="26.712" classname="com.liberate.tests.testCreateLinePlant"/>
</testsuite> <!-- com.liberate.tests.testCreateLinePlant -->
