<?xml version="1.0" encoding="UTF-8"?>
<!-- Generated by org.testng.reporters.JUnitReportReporter -->
<testsuite hostname="LIN65000528" name="com.liberate.tests.MaintainDepositReasonTest" tests="2" failures="0" timestamp="11 Oct 2019 07:14:05 GMT" time="49.203" errors="0">
  <testcase name="testMaintainDepositReason" time="27.728" classname="com.liberate.tests.MaintainDepositReasonTest"/>
  <testcase name="testMaintainDepositReason" time="21.475" classname="com.liberate.tests.MaintainDepositReasonTest"/>
</testsuite> <!-- com.liberate.tests.MaintainDepositReasonTest -->
