<?xml version="1.0" encoding="UTF-8"?>
<!-- Generated by org.testng.reporters.JUnitReportReporter -->
<testsuite hostname="LIN65000528" name="com.liberate.tests.LogoutTest" tests="1" failures="0" timestamp="30 Sep 2019 07:40:17 GMT" time="17.517" errors="0">
  <testcase name="testLogout" time="17.517" classname="com.liberate.tests.LogoutTest"/>
</testsuite> <!-- com.liberate.tests.LogoutTest -->
