<?xml version="1.0" encoding="UTF-8"?>
<!-- Generated by org.testng.reporters.JUnitReportReporter -->
<testsuite hostname="LIN65000528" name="com.liberate.tests.MaintainDepositReasonTest" tests="2" failures="0" timestamp="7 Oct 2019 06:01:55 GMT" time="119.688" errors="0">
  <testcase name="testMaintainDepositReason" time="55.642" classname="com.liberate.tests.MaintainDepositReasonTest"/>
  <testcase name="testMaintainDepositReason" time="64.046" classname="com.liberate.tests.MaintainDepositReasonTest"/>
</testsuite> <!-- com.liberate.tests.MaintainDepositReasonTest -->
